<?xml version="1.0" encoding="UTF-8"?>
<!-- Generated by org.testng.reporters.JUnitXMLReporter -->
<testsuite hostname="DESKTOP-6SGILJT" name="Test" tests="10" failures="0" timestamp="8 Jun 2020 11:14:11 GMT" time="1.103" errors="0">
  <testcase name="testcase1" time="0.036" classname="com.TestNG.MyFirst_TestCase"/>
  <testcase name="testcase5" time="0.091" classname="com.TestNG.ParallelExecution1"/>
  <testcase name="testcase2" time="0.081" classname="com.TestNG.ParallelExecution"/>
  <testcase name="testcase3" time="0.035" classname="com.TestNG.ParallelExecution"/>
  <testcase name="testcase6" time="0.022" classname="com.TestNG.ParallelExecution1"/>
  <testcase name="testcase2" time="0.017" classname="com.TestNG.MyFirst_TestCase"/>
  <testcase name="testcase3" time="0.012" classname="com.TestNG.MyFirst_TestCase"/>
  <testcase name="testcase1" time="0.014" classname="com.TestNG.Priority_Testcase"/>
  <testcase name="testcase2" time="0.008" classname="com.TestNG.Priority_Testcase"/>
  <testcase name="testcase3" time="0.017" classname="com.TestNG.Priority_Testcase"/>
</testsuite> <!-- Test -->
