<?xml version="1.0" encoding="UTF-8"?>
<testng-results skipped="0" failed="0" total="1" passed="1">
  <reporter-output>
  </reporter-output>
  <suite name="Default suite" duration-ms="51722" started-at="2020-06-10T12:47:40Z" finished-at="2020-06-10T12:48:32Z">
    <groups>
    </groups>
    <test name="Default test" duration-ms="51722" started-at="2020-06-10T12:47:40Z" finished-at="2020-06-10T12:48:32Z">
      <class name="com.testcase.Facebook_LoginTestcase">
        <test-method status="PASS" signature="startapp()[pri:0, instance:com.testcase.Facebook_LoginTestcase@28d25987]" name="startapp" is-config="true" duration-ms="42592" started-at="2020-06-10T18:17:40Z" finished-at="2020-06-10T18:18:23Z">
          <reporter-output>
          </reporter-output>
        </test-method> <!-- startapp -->
        <test-method status="PASS" signature="login()[pri:0, instance:com.testcase.Facebook_LoginTestcase@28d25987]" name="login" duration-ms="3697" started-at="2020-06-10T18:18:23Z" finished-at="2020-06-10T18:18:27Z">
          <reporter-output>
          </reporter-output>
        </test-method> <!-- login -->
        <test-method status="PASS" signature="teardown()[pri:0, instance:com.testcase.Facebook_LoginTestcase@28d25987]" name="teardown" is-config="true" duration-ms="5337" started-at="2020-06-10T18:18:27Z" finished-at="2020-06-10T18:18:32Z">
          <reporter-output>
          </reporter-output>
        </test-method> <!-- teardown -->
      </class> <!-- com.testcase.Facebook_LoginTestcase -->
    </test> <!-- Default test -->
  </suite> <!-- Default suite -->
</testng-results>
